<?xml version="1.0" encoding="UTF-8"?>
<!-- Generated by org.testng.reporters.JUnitReportReporter -->
<testsuite hostname="DESKTOP-DLQ28S4" failures="0" tests="1" name="testcases.AccountRegistrationTest" time="4.969" errors="0" timestamp="2023-08-30T23:54:38 IST" skipped="0">
  <testcase classname="testcases.AccountRegistrationTest" name="testcaseregistration" time="4.969"/>
  <system-out/>
</testsuite> <!-- testcases.AccountRegistrationTest -->
