<?xml version="1.0" encoding="UTF-8"?>
<!-- Generated by org.testng.reporters.JUnitReportReporter -->
<testsuite hostname="DESKTOP-DLQ28S4" failures="0" tests="5" name="testcases.LoginDataDrivenTest" time="7.995" errors="0" timestamp="2023-09-03T19:07:19 IST" skipped="0">
  <testcase classname="testcases.LoginDataDrivenTest" name="test_LoginDDT" time="1.300"/>
  <system-out/>
  <testcase classname="testcases.LoginDataDrivenTest" name="test_LoginDDT" time="1.177"/>
  <system-out/>
  <testcase classname="testcases.LoginDataDrivenTest" name="test_LoginDDT" time="2.467"/>
  <system-out/>
  <testcase classname="testcases.LoginDataDrivenTest" name="test_LoginDDT" time="1.242"/>
  <system-out/>
  <testcase classname="testcases.LoginDataDrivenTest" name="test_LoginDDT" time="1.809"/>
  <system-out/>
</testsuite> <!-- testcases.LoginDataDrivenTest -->
